C:\USERS\RACHEL\DOCUMENTS\VISUAL STUDIO 2010\PROJECTS\BATTLESHIP\BATTLESHIP\DEBUG\AI.OBJ
C:\USERS\RACHEL\DOCUMENTS\VISUAL STUDIO 2010\PROJECTS\BATTLESHIP\BATTLESHIP\DEBUG\AITESTDRIVER.OBJ
C:\USERS\RACHEL\DOCUMENTS\VISUAL STUDIO 2010\PROJECTS\BATTLESHIP\BATTLESHIP\DEBUG\BATTLESHIP.EXE.EMBED.MANIFEST
C:\USERS\RACHEL\DOCUMENTS\VISUAL STUDIO 2010\PROJECTS\BATTLESHIP\BATTLESHIP\DEBUG\BATTLESHIP.EXE.EMBED.MANIFEST.RES
C:\USERS\RACHEL\DOCUMENTS\VISUAL STUDIO 2010\PROJECTS\BATTLESHIP\BATTLESHIP\DEBUG\BATTLESHIP.EXE.INTERMEDIATE.MANIFEST
C:\Users\Rachel\documents\visual studio 2010\Projects\Battleship\Battleship\Debug\Battleship_manifest.rc
C:\Users\Rachel\documents\visual studio 2010\Projects\Battleship\Battleship\Debug\cl.command.1.tlog
C:\Users\Rachel\documents\visual studio 2010\Projects\Battleship\Battleship\Debug\CL.read.1.tlog
C:\Users\Rachel\documents\visual studio 2010\Projects\Battleship\Battleship\Debug\CL.write.1.tlog
C:\USERS\RACHEL\DOCUMENTS\VISUAL STUDIO 2010\PROJECTS\BATTLESHIP\BATTLESHIP\DEBUG\DRIVER (FORREST-PC'S CONFLICTED COPY 2012-06-20).OBJ
C:\USERS\RACHEL\DOCUMENTS\VISUAL STUDIO 2010\PROJECTS\BATTLESHIP\BATTLESHIP\DEBUG\DRIVER.OBJ
C:\USERS\RACHEL\DOCUMENTS\VISUAL STUDIO 2010\PROJECTS\BATTLESHIP\BATTLESHIP\DEBUG\GRID.OBJ
C:\USERS\RACHEL\DOCUMENTS\VISUAL STUDIO 2010\PROJECTS\BATTLESHIP\BATTLESHIP\DEBUG\HIGHSCORE_TEST.OBJ
C:\Users\Rachel\documents\visual studio 2010\Projects\Battleship\Battleship\Debug\link.3464.read.1.tlog
C:\Users\Rachel\documents\visual studio 2010\Projects\Battleship\Battleship\Debug\link.3464.write.1.tlog
C:\Users\Rachel\documents\visual studio 2010\Projects\Battleship\Battleship\Debug\link.3464-cvtres.read.1.tlog
C:\Users\Rachel\documents\visual studio 2010\Projects\Battleship\Battleship\Debug\link.3464-cvtres.write.1.tlog
C:\Users\Rachel\documents\visual studio 2010\Projects\Battleship\Battleship\Debug\link.4668.read.1.tlog
C:\Users\Rachel\documents\visual studio 2010\Projects\Battleship\Battleship\Debug\link.4668.write.1.tlog
C:\Users\Rachel\documents\visual studio 2010\Projects\Battleship\Battleship\Debug\link.4668-cvtres.read.1.tlog
C:\Users\Rachel\documents\visual studio 2010\Projects\Battleship\Battleship\Debug\link.4668-cvtres.write.1.tlog
C:\Users\Rachel\documents\visual studio 2010\Projects\Battleship\Battleship\Debug\link.4980.read.1.tlog
C:\Users\Rachel\documents\visual studio 2010\Projects\Battleship\Battleship\Debug\link.4980.write.1.tlog
C:\Users\Rachel\documents\visual studio 2010\Projects\Battleship\Battleship\Debug\link.4980-cvtres.read.1.tlog
C:\Users\Rachel\documents\visual studio 2010\Projects\Battleship\Battleship\Debug\link.4980-cvtres.write.1.tlog
C:\Users\Rachel\documents\visual studio 2010\Projects\Battleship\Battleship\Debug\link.5388.read.1.tlog
C:\Users\Rachel\documents\visual studio 2010\Projects\Battleship\Battleship\Debug\link.5388.write.1.tlog
C:\Users\Rachel\documents\visual studio 2010\Projects\Battleship\Battleship\Debug\link.5388-cvtres.read.1.tlog
C:\Users\Rachel\documents\visual studio 2010\Projects\Battleship\Battleship\Debug\link.5388-cvtres.write.1.tlog
C:\Users\Rachel\documents\visual studio 2010\Projects\Battleship\Battleship\Debug\link.5404.read.1.tlog
C:\Users\Rachel\documents\visual studio 2010\Projects\Battleship\Battleship\Debug\link.5404.write.1.tlog
C:\Users\Rachel\documents\visual studio 2010\Projects\Battleship\Battleship\Debug\link.5404-cvtres.read.1.tlog
C:\Users\Rachel\documents\visual studio 2010\Projects\Battleship\Battleship\Debug\link.5404-cvtres.write.1.tlog
C:\Users\Rachel\documents\visual studio 2010\Projects\Battleship\Battleship\Debug\link.5928.read.1.tlog
C:\Users\Rachel\documents\visual studio 2010\Projects\Battleship\Battleship\Debug\link.5928.write.1.tlog
C:\Users\Rachel\documents\visual studio 2010\Projects\Battleship\Battleship\Debug\link.5928-cvtres.read.1.tlog
C:\Users\Rachel\documents\visual studio 2010\Projects\Battleship\Battleship\Debug\link.5928-cvtres.write.1.tlog
C:\Users\Rachel\documents\visual studio 2010\Projects\Battleship\Battleship\Debug\link.6832.read.1.tlog
C:\Users\Rachel\documents\visual studio 2010\Projects\Battleship\Battleship\Debug\link.6832.write.1.tlog
C:\Users\Rachel\documents\visual studio 2010\Projects\Battleship\Battleship\Debug\link.6832-cvtres.read.1.tlog
C:\Users\Rachel\documents\visual studio 2010\Projects\Battleship\Battleship\Debug\link.6832-cvtres.write.1.tlog
C:\Users\Rachel\documents\visual studio 2010\Projects\Battleship\Battleship\Debug\link.720.read.1.tlog
C:\Users\Rachel\documents\visual studio 2010\Projects\Battleship\Battleship\Debug\link.720.write.1.tlog
C:\Users\Rachel\documents\visual studio 2010\Projects\Battleship\Battleship\Debug\link.720-cvtres.read.1.tlog
C:\Users\Rachel\documents\visual studio 2010\Projects\Battleship\Battleship\Debug\link.720-cvtres.write.1.tlog
C:\Users\Rachel\documents\visual studio 2010\Projects\Battleship\Battleship\Debug\link.7412.read.1.tlog
C:\Users\Rachel\documents\visual studio 2010\Projects\Battleship\Battleship\Debug\link.7412.write.1.tlog
C:\Users\Rachel\documents\visual studio 2010\Projects\Battleship\Battleship\Debug\link.7412-cvtres.read.1.tlog
C:\Users\Rachel\documents\visual studio 2010\Projects\Battleship\Battleship\Debug\link.7412-cvtres.write.1.tlog
C:\Users\Rachel\documents\visual studio 2010\Projects\Battleship\Battleship\Debug\link.8160.read.1.tlog
C:\Users\Rachel\documents\visual studio 2010\Projects\Battleship\Battleship\Debug\link.8160.write.1.tlog
C:\Users\Rachel\documents\visual studio 2010\Projects\Battleship\Battleship\Debug\link.8160-cvtres.read.1.tlog
C:\Users\Rachel\documents\visual studio 2010\Projects\Battleship\Battleship\Debug\link.8160-cvtres.write.1.tlog
C:\Users\Rachel\documents\visual studio 2010\Projects\Battleship\Battleship\Debug\link.command.1.tlog
C:\Users\Rachel\documents\visual studio 2010\Projects\Battleship\Battleship\Debug\link.read.1.tlog
C:\Users\Rachel\documents\visual studio 2010\Projects\Battleship\Battleship\Debug\link.write.1.tlog
C:\Users\Rachel\documents\visual studio 2010\Projects\Battleship\Battleship\Debug\link-cvtres.read.1.tlog
C:\Users\Rachel\documents\visual studio 2010\Projects\Battleship\Battleship\Debug\link-cvtres.write.1.tlog
C:\USERS\RACHEL\DOCUMENTS\VISUAL STUDIO 2010\PROJECTS\BATTLESHIP\BATTLESHIP\DEBUG\MAIN.OBJ
C:\Users\Rachel\documents\visual studio 2010\Projects\Battleship\Battleship\Debug\mt.command.1.tlog
C:\Users\Rachel\documents\visual studio 2010\Projects\Battleship\Battleship\Debug\mt.read.1.tlog
C:\Users\Rachel\documents\visual studio 2010\Projects\Battleship\Battleship\Debug\mt.write.1.tlog
C:\Users\Rachel\documents\visual studio 2010\Projects\Battleship\Battleship\Debug\rc.command.1.tlog
C:\Users\Rachel\documents\visual studio 2010\Projects\Battleship\Battleship\Debug\rc.read.1.tlog
C:\Users\Rachel\documents\visual studio 2010\Projects\Battleship\Battleship\Debug\rc.write.1.tlog
C:\USERS\RACHEL\DOCUMENTS\VISUAL STUDIO 2010\PROJECTS\BATTLESHIP\BATTLESHIP\DEBUG\SHIP.OBJ
C:\Users\Rachel\documents\visual studio 2010\Projects\Battleship\Battleship\Debug\vc100.idb
C:\USERS\RACHEL\DOCUMENTS\VISUAL STUDIO 2010\PROJECTS\BATTLESHIP\BATTLESHIP\DEBUG\VC100.PDB
C:\USERS\RACHEL\DOCUMENTS\VISUAL STUDIO 2010\PROJECTS\BATTLESHIP\DEBUG\BATTLESHIP.EXE
C:\USERS\RACHEL\DOCUMENTS\VISUAL STUDIO 2010\PROJECTS\BATTLESHIP\DEBUG\BATTLESHIP.ILK
C:\USERS\RACHEL\DOCUMENTS\VISUAL STUDIO 2010\PROJECTS\BATTLESHIP\DEBUG\BATTLESHIP.PDB
