Build started 6/25/2012 12:10:59 PM.
     1>Project "C:\Users\Rachel\documents\visual studio 2010\Projects\Battleship\Battleship\Battleship.vcxproj" on node 2 (build target(s)).
     1>InitializeBuildStatus:
         Touching "Debug\Battleship.unsuccessfulbuild".
       ClCompile:
         C:\Program Files (x86)\Microsoft Visual Studio 10.0\VC\bin\CL.exe /c /ZI /nologo /W3 /WX- /Od /Oy- /D WIN32 /D _DEBUG /D _CONSOLE /D _UNICODE /D UNICODE /Gm /EHsc /RTC1 /MDd /GS /fp:precise /Zc:wchar_t /Zc:forScope /Fo"Debug\\" /Fd"Debug\vc100.pdb" /Gd /TP /analyze- /errorReport:prompt LogicTest.cpp
         LogicTest.cpp
       ManifestResourceCompile:
         All outputs are up-to-date.
       Link:
         C:\Program Files (x86)\Microsoft Visual Studio 10.0\VC\bin\link.exe /ERRORREPORT:PROMPT /OUT:"C:\Users\Rachel\documents\visual studio 2010\Projects\Battleship\Debug\Battleship.exe" /INCREMENTAL /NOLOGO kernel32.lib user32.lib gdi32.lib winspool.lib comdlg32.lib advapi32.lib shell32.lib ole32.lib oleaut32.lib uuid.lib odbc32.lib odbccp32.lib /MANIFEST /ManifestFile:"Debug\Battleship.exe.intermediate.manifest" /MANIFESTUAC:"level='asInvoker' uiAccess='false'" /DEBUG /PDB:"C:\Users\Rachel\documents\visual studio 2010\Projects\Battleship\Debug\Battleship.pdb" /SUBSYSTEM:CONSOLE /TLBID:1 /DYNAMICBASE /NXCOMPAT /IMPLIB:"C:\Users\Rachel\documents\visual studio 2010\Projects\Battleship\Debug\Battleship.lib" /MACHINE:X86 Debug\Battleship.exe.embed.manifest.res
         Debug\AI.obj
         Debug\Driver.obj
         Debug\Grid.obj
         Debug\LogicTest.obj
         Debug\Ship.obj
       Manifest:
         C:\Program Files (x86)\Microsoft SDKs\Windows\v7.0A\bin\mt.exe /nologo /verbose /out:"Debug\Battleship.exe.embed.manifest" /manifest Debug\Battleship.exe.intermediate.manifest
         All outputs are up-to-date.
       LinkEmbedManifest:
         All outputs are up-to-date.
         Battleship.vcxproj -> C:\Users\Rachel\documents\visual studio 2010\Projects\Battleship\Debug\Battleship.exe
       FinalizeBuildStatus:
         Deleting file "Debug\Battleship.unsuccessfulbuild".
         Touching "Debug\Battleship.lastbuildstate".
     1>Done Building Project "C:\Users\Rachel\documents\visual studio 2010\Projects\Battleship\Battleship\Battleship.vcxproj" (build target(s)).

Build succeeded.

Time Elapsed 00:00:03.62
